Connected to Database.
Connected
@accioService need #gardener at #zip600041 now !!!
#gardener
#zip600041
log writing failed. closed stream
log writing failed. closed stream
log writing failed. closed stream
log writing failed. closed stream
@accioService need #plumber at #zip600041 now !!!
#plumber
#zip600041
log writing failed. closed stream
log writing failed. closed stream
log writing failed. closed stream
log writing failed. closed stream
@accioService need #electrician at #zip600007 now !!!
#electrician
#zip600007
log writing failed. closed stream
log writing failed. closed stream
log writing failed. closed stream
log writing failed. closed stream
log writing failed. closed stream
@accioService need #gardener at #zip600007 now !!!
#gardener
#zip600007
log writing failed. closed stream
log writing failed. closed stream
log writing failed. closed stream
log writing failed. closed stream
log writing failed. closed stream
Connected to Database.
Connected
@accioService need #electrician at #zip600007
#electrician
#zip600007
log writing failed. closed stream
log writing failed. closed stream
log writing failed. closed stream
log writing failed. closed stream
log writing failed. closed stream
@accioService #asdjknasdj #zip600078
#asdjknasdj
#zip600078
log writing failed. closed stream
log writing failed. closed stream
log writing failed. closed stream
log writing failed. closed stream
